[debug] [2024-11-09T00:33:16.077Z] ----------------------------------------------------------------------
[debug] [2024-11-09T00:33:16.079Z] Command:       /home/adamb/.config/nvm/versions/node/v18.18.2/bin/node /home/adamb/.config/nvm/versions/node/v18.18.2/bin/firebase deploy
[debug] [2024-11-09T00:33:16.079Z] CLI Version:   13.24.2
[debug] [2024-11-09T00:33:16.079Z] Platform:      linux
[debug] [2024-11-09T00:33:16.079Z] Node Version:  v18.18.2
[debug] [2024-11-09T00:33:16.081Z] Time:          Fri Nov 08 2024 16:33:16 GMT-0800 (Pacific Standard Time)
[debug] [2024-11-09T00:33:16.081Z] ----------------------------------------------------------------------
[debug] 
[debug] [2024-11-09T00:33:16.137Z] > command requires scopes: ["email","openid","https://www.googleapis.com/auth/cloudplatformprojects.readonly","https://www.googleapis.com/auth/firebase","https://www.googleapis.com/auth/cloud-platform"]
[debug] [2024-11-09T00:33:16.137Z] > authorizing via signed-in user (adamb@csxlabs.org)
[debug] [2024-11-09T00:33:16.137Z] [iam] checking project csxlabs for permissions ["firebase.projects.get","firebasehosting.sites.update"]
[debug] [2024-11-09T00:33:16.138Z] Checked if tokens are valid: true, expires at: 1731115954219
[debug] [2024-11-09T00:33:16.139Z] Checked if tokens are valid: true, expires at: 1731115954219
[debug] [2024-11-09T00:33:16.139Z] >>> [apiv2][query] POST https://cloudresourcemanager.googleapis.com/v1/projects/csxlabs:testIamPermissions [none]
[debug] [2024-11-09T00:33:16.140Z] >>> [apiv2][(partial)header] POST https://cloudresourcemanager.googleapis.com/v1/projects/csxlabs:testIamPermissions x-goog-quota-user=projects/csxlabs
[debug] [2024-11-09T00:33:16.140Z] >>> [apiv2][body] POST https://cloudresourcemanager.googleapis.com/v1/projects/csxlabs:testIamPermissions {"permissions":["firebase.projects.get","firebasehosting.sites.update"]}
[debug] [2024-11-09T00:33:16.690Z] <<< [apiv2][status] POST https://cloudresourcemanager.googleapis.com/v1/projects/csxlabs:testIamPermissions 200
[debug] [2024-11-09T00:33:16.691Z] <<< [apiv2][body] POST https://cloudresourcemanager.googleapis.com/v1/projects/csxlabs:testIamPermissions {"permissions":["firebase.projects.get","firebasehosting.sites.update"]}
[debug] [2024-11-09T00:33:16.691Z] Checked if tokens are valid: true, expires at: 1731115954219
[debug] [2024-11-09T00:33:16.692Z] Checked if tokens are valid: true, expires at: 1731115954219
[debug] [2024-11-09T00:33:16.692Z] >>> [apiv2][query] GET https://firebase.googleapis.com/v1beta1/projects/csxlabs [none]
[debug] [2024-11-09T00:33:17.013Z] <<< [apiv2][status] GET https://firebase.googleapis.com/v1beta1/projects/csxlabs 200
[debug] [2024-11-09T00:33:17.014Z] <<< [apiv2][body] GET https://firebase.googleapis.com/v1beta1/projects/csxlabs {"projectId":"csxlabs","projectNumber":"868433886398","displayName":"csxlabs","name":"projects/csxlabs","resources":{"hostingSite":"csxlabs"},"state":"ACTIVE","etag":"1_47070ed9-4cfc-44a6-98ad-32e6bd63f5f0"}
[info] 
   Thank you for trying our early preview of Next.js support on Firebase Hosting.
   During the preview, support is best-effort and breaking changes can be expected. Proceed with caution.

   Documentation: https://firebase.google.com/docs/hosting/frameworks/nextjs
   File a bug: https://github.com/firebase/firebase-tools/issues/new?template=bug_report.md
   Submit a feature request: https://github.com/firebase/firebase-tools/issues/new?template=feature_request.md

   We'd love to learn from you. Express your interest in helping us shape the future of Firebase Hosting: https://goo.gle/41enW5X

[debug] [2024-11-09T00:33:21.042Z] Checked if tokens are valid: true, expires at: 1731115954219
[debug] [2024-11-09T00:33:21.042Z] Checked if tokens are valid: true, expires at: 1731115954219
[debug] [2024-11-09T00:33:21.042Z] >>> [apiv2][query] GET https://firebasehosting.googleapis.com/v1beta1/projects/csxlabs/sites/csxlabs [none]
[debug] [2024-11-09T00:33:21.768Z] <<< [apiv2][status] GET https://firebasehosting.googleapis.com/v1beta1/projects/csxlabs/sites/csxlabs 200
[debug] [2024-11-09T00:33:21.768Z] <<< [apiv2][body] GET https://firebasehosting.googleapis.com/v1beta1/projects/csxlabs/sites/csxlabs {"name":"projects/csxlabs/sites/csxlabs","defaultUrl":"https://csxlabs.web.app","type":"DEFAULT_SITE"}
[info]   ▲ Next.js 14.2.5

[info] 

[info]    Creating an optimized production build ...

[info]  ✓ Compiled successfully

[info]    Linting and checking validity of types ...

[info] 
Failed to compile.

[info] 
./app/page.tsx
118:75  Error: `'` can be escaped with `&apos;`, `&lsquo;`, `&#39;`, `&rsquo;`.  react/no-unescaped-entities

info  - Need to disable some ESLint rules? Learn more here: https://nextjs.org/docs/basic-features/eslint#disabling-rules

[debug] [2024-11-09T00:33:42.132Z] Error: ENOENT: no such file or directory, open '/home/adamb/lab/csxlabs.org/.next/export-marker.json'
[error] 
[error] Error: An unexpected error has occurred.
